<?xml version="1.0" encoding="UTF-8"?>
<testsuite xmlns:xsi="http://www.w3.org/2001/XMLSchema-instance" xsi:noNamespaceSchemaLocation="https://maven.apache.org/surefire/maven-surefire-plugin/xsd/surefire-test-report.xsd" name="com.ashugupta.pjp.calculator.DateTimeCalculatorImplTest" time="0.241" tests="6" errors="0" skipped="1" failures="0">
  <properties>
    <property name="java.specification.version" value="13"/>
    <property name="sun.jnu.encoding" value="UTF-8"/>
    <property name="java.class.path" value="/Users/ashugupta/Desktop/Sapient/DateTimeCalculator/target/test-classes:/Users/ashugupta/Desktop/Sapient/DateTimeCalculator/target/classes:/Users/ashugupta/.m2/repository/junit/junit/4.11/junit-4.11.jar:/Users/ashugupta/.m2/repository/org/hamcrest/hamcrest-core/1.3/hamcrest-core-1.3.jar:/Users/ashugupta/.m2/repository/joda-time/joda-time/2.10.6/joda-time-2.10.6.jar:/Users/ashugupta/.m2/repository/com/googlecode/json-simple/json-simple/1.1.1/json-simple-1.1.1.jar:/Users/ashugupta/.m2/repository/com/fasterxml/jackson/core/jackson-databind/2.11.0/jackson-databind-2.11.0.jar:/Users/ashugupta/.m2/repository/com/fasterxml/jackson/core/jackson-annotations/2.11.0/jackson-annotations-2.11.0.jar:/Users/ashugupta/.m2/repository/com/fasterxml/jackson/core/jackson-core/2.11.0/jackson-core-2.11.0.jar:/Users/ashugupta/.m2/repository/org/postgresql/postgresql/42.2.16/postgresql-42.2.16.jar:/Users/ashugupta/.m2/repository/org/checkerframework/checker-qual/3.5.0/checker-qual-3.5.0.jar:/Users/ashugupta/.m2/repository/org/hibernate/hibernate-core/5.4.20.Final/hibernate-core-5.4.20.Final.jar:/Users/ashugupta/.m2/repository/org/jboss/logging/jboss-logging/3.3.2.Final/jboss-logging-3.3.2.Final.jar:/Users/ashugupta/.m2/repository/javax/persistence/javax.persistence-api/2.2/javax.persistence-api-2.2.jar:/Users/ashugupta/.m2/repository/org/javassist/javassist/3.24.0-GA/javassist-3.24.0-GA.jar:/Users/ashugupta/.m2/repository/net/bytebuddy/byte-buddy/1.10.10/byte-buddy-1.10.10.jar:/Users/ashugupta/.m2/repository/antlr/antlr/2.7.7/antlr-2.7.7.jar:/Users/ashugupta/.m2/repository/org/jboss/spec/javax/transaction/jboss-transaction-api_1.2_spec/1.1.1.Final/jboss-transaction-api_1.2_spec-1.1.1.Final.jar:/Users/ashugupta/.m2/repository/org/jboss/jandex/2.1.3.Final/jandex-2.1.3.Final.jar:/Users/ashugupta/.m2/repository/com/fasterxml/classmate/1.5.1/classmate-1.5.1.jar:/Users/ashugupta/.m2/repository/javax/activation/javax.activation-api/1.2.0/javax.activation-api-1.2.0.jar:/Users/ashugupta/.m2/repository/org/dom4j/dom4j/2.1.3/dom4j-2.1.3.jar:/Users/ashugupta/.m2/repository/org/hibernate/common/hibernate-commons-annotations/5.1.0.Final/hibernate-commons-annotations-5.1.0.Final.jar:/Users/ashugupta/.m2/repository/javax/xml/bind/jaxb-api/2.3.1/jaxb-api-2.3.1.jar:/Users/ashugupta/.m2/repository/org/glassfish/jaxb/jaxb-runtime/2.3.1/jaxb-runtime-2.3.1.jar:/Users/ashugupta/.m2/repository/org/glassfish/jaxb/txw2/2.3.1/txw2-2.3.1.jar:/Users/ashugupta/.m2/repository/com/sun/istack/istack-commons-runtime/3.0.7/istack-commons-runtime-3.0.7.jar:/Users/ashugupta/.m2/repository/org/jvnet/staxex/stax-ex/1.8/stax-ex-1.8.jar:/Users/ashugupta/.m2/repository/com/sun/xml/fastinfoset/FastInfoset/1.2.15/FastInfoset-1.2.15.jar:/Users/ashugupta/.m2/repository/javax/servlet/javax.servlet-api/3.0.1/javax.servlet-api-3.0.1.jar:"/>
    <property name="java.vm.vendor" value="Oracle Corporation"/>
    <property name="sun.arch.data.model" value="64"/>
    <property name="java.vendor.url" value="https://java.oracle.com/"/>
    <property name="os.name" value="Mac OS X"/>
    <property name="java.vm.specification.version" value="13"/>
    <property name="sun.java.launcher" value="SUN_STANDARD"/>
    <property name="user.country" value="IN"/>
    <property name="sun.boot.library.path" value="/Library/Java/JavaVirtualMachines/jdk-13.0.2.jdk/Contents/Home/lib"/>
    <property name="sun.java.command" value="/Users/ashugupta/Desktop/Sapient/DateTimeCalculator/target/surefire/surefirebooter14653001351582509195.jar /Users/ashugupta/Desktop/Sapient/DateTimeCalculator/target/surefire 2020-08-30T18-57-38_160-jvmRun1 surefire9237124191174601141tmp surefire_010465928823368876843tmp"/>
    <property name="http.nonProxyHosts" value="local|*.local|169.254/16|*.169.254/16"/>
    <property name="jdk.debug" value="release"/>
    <property name="surefire.test.class.path" value="/Users/ashugupta/Desktop/Sapient/DateTimeCalculator/target/test-classes:/Users/ashugupta/Desktop/Sapient/DateTimeCalculator/target/classes:/Users/ashugupta/.m2/repository/junit/junit/4.11/junit-4.11.jar:/Users/ashugupta/.m2/repository/org/hamcrest/hamcrest-core/1.3/hamcrest-core-1.3.jar:/Users/ashugupta/.m2/repository/joda-time/joda-time/2.10.6/joda-time-2.10.6.jar:/Users/ashugupta/.m2/repository/com/googlecode/json-simple/json-simple/1.1.1/json-simple-1.1.1.jar:/Users/ashugupta/.m2/repository/com/fasterxml/jackson/core/jackson-databind/2.11.0/jackson-databind-2.11.0.jar:/Users/ashugupta/.m2/repository/com/fasterxml/jackson/core/jackson-annotations/2.11.0/jackson-annotations-2.11.0.jar:/Users/ashugupta/.m2/repository/com/fasterxml/jackson/core/jackson-core/2.11.0/jackson-core-2.11.0.jar:/Users/ashugupta/.m2/repository/org/postgresql/postgresql/42.2.16/postgresql-42.2.16.jar:/Users/ashugupta/.m2/repository/org/checkerframework/checker-qual/3.5.0/checker-qual-3.5.0.jar:/Users/ashugupta/.m2/repository/org/hibernate/hibernate-core/5.4.20.Final/hibernate-core-5.4.20.Final.jar:/Users/ashugupta/.m2/repository/org/jboss/logging/jboss-logging/3.3.2.Final/jboss-logging-3.3.2.Final.jar:/Users/ashugupta/.m2/repository/javax/persistence/javax.persistence-api/2.2/javax.persistence-api-2.2.jar:/Users/ashugupta/.m2/repository/org/javassist/javassist/3.24.0-GA/javassist-3.24.0-GA.jar:/Users/ashugupta/.m2/repository/net/bytebuddy/byte-buddy/1.10.10/byte-buddy-1.10.10.jar:/Users/ashugupta/.m2/repository/antlr/antlr/2.7.7/antlr-2.7.7.jar:/Users/ashugupta/.m2/repository/org/jboss/spec/javax/transaction/jboss-transaction-api_1.2_spec/1.1.1.Final/jboss-transaction-api_1.2_spec-1.1.1.Final.jar:/Users/ashugupta/.m2/repository/org/jboss/jandex/2.1.3.Final/jandex-2.1.3.Final.jar:/Users/ashugupta/.m2/repository/com/fasterxml/classmate/1.5.1/classmate-1.5.1.jar:/Users/ashugupta/.m2/repository/javax/activation/javax.activation-api/1.2.0/javax.activation-api-1.2.0.jar:/Users/ashugupta/.m2/repository/org/dom4j/dom4j/2.1.3/dom4j-2.1.3.jar:/Users/ashugupta/.m2/repository/org/hibernate/common/hibernate-commons-annotations/5.1.0.Final/hibernate-commons-annotations-5.1.0.Final.jar:/Users/ashugupta/.m2/repository/javax/xml/bind/jaxb-api/2.3.1/jaxb-api-2.3.1.jar:/Users/ashugupta/.m2/repository/org/glassfish/jaxb/jaxb-runtime/2.3.1/jaxb-runtime-2.3.1.jar:/Users/ashugupta/.m2/repository/org/glassfish/jaxb/txw2/2.3.1/txw2-2.3.1.jar:/Users/ashugupta/.m2/repository/com/sun/istack/istack-commons-runtime/3.0.7/istack-commons-runtime-3.0.7.jar:/Users/ashugupta/.m2/repository/org/jvnet/staxex/stax-ex/1.8/stax-ex-1.8.jar:/Users/ashugupta/.m2/repository/com/sun/xml/fastinfoset/FastInfoset/1.2.15/FastInfoset-1.2.15.jar:/Users/ashugupta/.m2/repository/javax/servlet/javax.servlet-api/3.0.1/javax.servlet-api-3.0.1.jar:"/>
    <property name="sun.cpu.endian" value="little"/>
    <property name="user.home" value="/Users/ashugupta"/>
    <property name="user.language" value="en"/>
    <property name="java.specification.vendor" value="Oracle Corporation"/>
    <property name="java.version.date" value="2020-01-14"/>
    <property name="java.home" value="/Library/Java/JavaVirtualMachines/jdk-13.0.2.jdk/Contents/Home"/>
    <property name="file.separator" value="/"/>
    <property name="basedir" value="/Users/ashugupta/Desktop/Sapient/DateTimeCalculator"/>
    <property name="java.vm.compressedOopsMode" value="Zero based"/>
    <property name="line.separator" value="&#10;"/>
    <property name="java.specification.name" value="Java Platform API Specification"/>
    <property name="java.vm.specification.vendor" value="Oracle Corporation"/>
    <property name="surefire.real.class.path" value="/Users/ashugupta/Desktop/Sapient/DateTimeCalculator/target/surefire/surefirebooter14653001351582509195.jar"/>
    <property name="sun.management.compiler" value="HotSpot 64-Bit Tiered Compilers"/>
    <property name="ftp.nonProxyHosts" value="local|*.local|169.254/16|*.169.254/16"/>
    <property name="java.runtime.version" value="13.0.2+8"/>
    <property name="user.name" value="ashugupta"/>
    <property name="path.separator" value=":"/>
    <property name="os.version" value="10.15.6"/>
    <property name="java.runtime.name" value="Java(TM) SE Runtime Environment"/>
    <property name="file.encoding" value="UTF-8"/>
    <property name="java.vm.name" value="Java HotSpot(TM) 64-Bit Server VM"/>
    <property name="localRepository" value="/Users/ashugupta/.m2/repository"/>
    <property name="java.vendor.url.bug" value="https://bugreport.java.com/bugreport/"/>
    <property name="java.io.tmpdir" value="/var/folders/k7/gw21v_y1299g15nk1lw2kyhc0000gn/T/"/>
    <property name="java.version" value="13.0.2"/>
    <property name="user.dir" value="/Users/ashugupta/Desktop/Sapient/DateTimeCalculator"/>
    <property name="os.arch" value="x86_64"/>
    <property name="java.vm.specification.name" value="Java Virtual Machine Specification"/>
    <property name="java.library.path" value="/Users/ashugupta/Library/Java/Extensions:/Library/Java/Extensions:/Network/Library/Java/Extensions:/System/Library/Java/Extensions:/usr/lib/java:."/>
    <property name="java.vm.info" value="mixed mode, sharing"/>
    <property name="java.vendor" value="Oracle Corporation"/>
    <property name="java.vm.version" value="13.0.2+8"/>
    <property name="sun.io.unicode.encoding" value="UnicodeBig"/>
    <property name="socksNonProxyHosts" value="local|*.local|169.254/16|*.169.254/16"/>
    <property name="java.class.version" value="57.0"/>
  </properties>
  <testcase name="shouldGetTheDayOfTheWeek" classname="com.ashugupta.pjp.calculator.DateTimeCalculatorImplTest" time="0.112"/>
  <testcase name="shouldAddWeeksToDateInObjectFormat" classname="com.ashugupta.pjp.calculator.DateTimeCalculatorImplTest" time="0.024"/>
  <testcase name="shouldAddWeeksToDateInStringFormat" classname="com.ashugupta.pjp.calculator.DateTimeCalculatorImplTest" time="0">
    <skipped/>
  </testcase>
  <testcase name="shouldGetTheWeekNumber" classname="com.ashugupta.pjp.calculator.DateTimeCalculatorImplTest" time="0"/>
  <testcase name="shouldAddDaysToDateInObjectFormat" classname="com.ashugupta.pjp.calculator.DateTimeCalculatorImplTest" time="0"/>
  <testcase name="shouldAddDaysToDateInStringFormat" classname="com.ashugupta.pjp.calculator.DateTimeCalculatorImplTest" time="0.005"/>
</testsuite>