<?xml version="1.0" encoding="UTF-8"?>
<testsuite xmlns:xsi="http://www.w3.org/2001/XMLSchema-instance" xsi:noNamespaceSchemaLocation="https://maven.apache.org/surefire/maven-surefire-plugin/xsd/surefire-test-report.xsd" name="com.ashugupta.pjp.phraseConverter.PhraseConverterTest" time="0.143" tests="22" errors="0" skipped="0" failures="0">
  <properties>
    <property name="java.specification.version" value="13"/>
    <property name="sun.jnu.encoding" value="UTF-8"/>
    <property name="java.class.path" value="/Users/ashugupta/Desktop/Sapient/DateTimeCalculator/target/test-classes:/Users/ashugupta/Desktop/Sapient/DateTimeCalculator/target/classes:/Users/ashugupta/.m2/repository/junit/junit/4.11/junit-4.11.jar:/Users/ashugupta/.m2/repository/org/hamcrest/hamcrest-core/1.3/hamcrest-core-1.3.jar:/Users/ashugupta/.m2/repository/joda-time/joda-time/2.10.6/joda-time-2.10.6.jar:/Users/ashugupta/.m2/repository/com/googlecode/json-simple/json-simple/1.1.1/json-simple-1.1.1.jar:/Users/ashugupta/.m2/repository/com/fasterxml/jackson/core/jackson-databind/2.11.0/jackson-databind-2.11.0.jar:/Users/ashugupta/.m2/repository/com/fasterxml/jackson/core/jackson-annotations/2.11.0/jackson-annotations-2.11.0.jar:/Users/ashugupta/.m2/repository/com/fasterxml/jackson/core/jackson-core/2.11.0/jackson-core-2.11.0.jar:"/>
    <property name="java.vm.vendor" value="Oracle Corporation"/>
    <property name="sun.arch.data.model" value="64"/>
    <property name="java.vendor.url" value="https://java.oracle.com/"/>
    <property name="os.name" value="Mac OS X"/>
    <property name="java.vm.specification.version" value="13"/>
    <property name="sun.java.launcher" value="SUN_STANDARD"/>
    <property name="user.country" value="IN"/>
    <property name="sun.boot.library.path" value="/Library/Java/JavaVirtualMachines/jdk-13.0.2.jdk/Contents/Home/lib"/>
    <property name="sun.java.command" value="/Users/ashugupta/Desktop/Sapient/DateTimeCalculator/target/surefire/surefirebooter13634190523925626803.jar /Users/ashugupta/Desktop/Sapient/DateTimeCalculator/target/surefire 2020-08-23T18-06-49_127-jvmRun1 surefire6807030214214736259tmp surefire_03417830746682766846tmp"/>
    <property name="http.nonProxyHosts" value="local|*.local|169.254/16|*.169.254/16"/>
    <property name="jdk.debug" value="release"/>
    <property name="surefire.test.class.path" value="/Users/ashugupta/Desktop/Sapient/DateTimeCalculator/target/test-classes:/Users/ashugupta/Desktop/Sapient/DateTimeCalculator/target/classes:/Users/ashugupta/.m2/repository/junit/junit/4.11/junit-4.11.jar:/Users/ashugupta/.m2/repository/org/hamcrest/hamcrest-core/1.3/hamcrest-core-1.3.jar:/Users/ashugupta/.m2/repository/joda-time/joda-time/2.10.6/joda-time-2.10.6.jar:/Users/ashugupta/.m2/repository/com/googlecode/json-simple/json-simple/1.1.1/json-simple-1.1.1.jar:/Users/ashugupta/.m2/repository/com/fasterxml/jackson/core/jackson-databind/2.11.0/jackson-databind-2.11.0.jar:/Users/ashugupta/.m2/repository/com/fasterxml/jackson/core/jackson-annotations/2.11.0/jackson-annotations-2.11.0.jar:/Users/ashugupta/.m2/repository/com/fasterxml/jackson/core/jackson-core/2.11.0/jackson-core-2.11.0.jar:"/>
    <property name="sun.cpu.endian" value="little"/>
    <property name="user.home" value="/Users/ashugupta"/>
    <property name="user.language" value="en"/>
    <property name="java.specification.vendor" value="Oracle Corporation"/>
    <property name="java.version.date" value="2020-01-14"/>
    <property name="java.home" value="/Library/Java/JavaVirtualMachines/jdk-13.0.2.jdk/Contents/Home"/>
    <property name="file.separator" value="/"/>
    <property name="basedir" value="/Users/ashugupta/Desktop/Sapient/DateTimeCalculator"/>
    <property name="java.vm.compressedOopsMode" value="Zero based"/>
    <property name="line.separator" value="&#10;"/>
    <property name="java.specification.name" value="Java Platform API Specification"/>
    <property name="java.vm.specification.vendor" value="Oracle Corporation"/>
    <property name="surefire.real.class.path" value="/Users/ashugupta/Desktop/Sapient/DateTimeCalculator/target/surefire/surefirebooter13634190523925626803.jar"/>
    <property name="sun.management.compiler" value="HotSpot 64-Bit Tiered Compilers"/>
    <property name="ftp.nonProxyHosts" value="local|*.local|169.254/16|*.169.254/16"/>
    <property name="java.runtime.version" value="13.0.2+8"/>
    <property name="user.name" value="ashugupta"/>
    <property name="path.separator" value=":"/>
    <property name="os.version" value="10.15.6"/>
    <property name="java.runtime.name" value="Java(TM) SE Runtime Environment"/>
    <property name="file.encoding" value="UTF-8"/>
    <property name="java.vm.name" value="Java HotSpot(TM) 64-Bit Server VM"/>
    <property name="localRepository" value="/Users/ashugupta/.m2/repository"/>
    <property name="java.vendor.url.bug" value="https://bugreport.java.com/bugreport/"/>
    <property name="java.io.tmpdir" value="/var/folders/k7/gw21v_y1299g15nk1lw2kyhc0000gn/T/"/>
    <property name="java.version" value="13.0.2"/>
    <property name="user.dir" value="/Users/ashugupta/Desktop/Sapient/DateTimeCalculator"/>
    <property name="os.arch" value="x86_64"/>
    <property name="java.vm.specification.name" value="Java Virtual Machine Specification"/>
    <property name="java.library.path" value="/Users/ashugupta/Library/Java/Extensions:/Library/Java/Extensions:/Network/Library/Java/Extensions:/System/Library/Java/Extensions:/usr/lib/java:."/>
    <property name="java.vm.info" value="mixed mode, sharing"/>
    <property name="java.vendor" value="Oracle Corporation"/>
    <property name="java.vm.version" value="13.0.2+8"/>
    <property name="sun.io.unicode.encoding" value="UnicodeBig"/>
    <property name="socksNonProxyHosts" value="local|*.local|169.254/16|*.169.254/16"/>
    <property name="java.class.version" value="57.0"/>
  </properties>
  <testcase name="shoudlConvertPhraseCorrectly[today]" classname="com.ashugupta.pjp.phraseConverter.PhraseConverterTest" time="0.035"/>
  <testcase name="shoudlConvertPhraseCorrectly[tomorrow]" classname="com.ashugupta.pjp.phraseConverter.PhraseConverterTest" time="0.008"/>
  <testcase name="shoudlConvertPhraseCorrectly[day after tomorrow]" classname="com.ashugupta.pjp.phraseConverter.PhraseConverterTest" time="0"/>
  <testcase name="shoudlConvertPhraseCorrectly[yesterday]" classname="com.ashugupta.pjp.phraseConverter.PhraseConverterTest" time="0.002"/>
  <testcase name="shoudlConvertPhraseCorrectly[day before yesterday]" classname="com.ashugupta.pjp.phraseConverter.PhraseConverterTest" time="0"/>
  <testcase name="shoudlConvertPhraseCorrectly[last week]" classname="com.ashugupta.pjp.phraseConverter.PhraseConverterTest" time="0.001"/>
  <testcase name="shoudlConvertPhraseCorrectly[previous week]" classname="com.ashugupta.pjp.phraseConverter.PhraseConverterTest" time="0.001"/>
  <testcase name="shoudlConvertPhraseCorrectly[next week]" classname="com.ashugupta.pjp.phraseConverter.PhraseConverterTest" time="0.001"/>
  <testcase name="shoudlConvertPhraseCorrectly[next month]" classname="com.ashugupta.pjp.phraseConverter.PhraseConverterTest" time="0"/>
  <testcase name="shoudlConvertPhraseCorrectly[next year]" classname="com.ashugupta.pjp.phraseConverter.PhraseConverterTest" time="0.001"/>
  <testcase name="shoudlConvertPhraseCorrectly[last month]" classname="com.ashugupta.pjp.phraseConverter.PhraseConverterTest" time="0.001"/>
  <testcase name="shoudlConvertPhraseCorrectly[last year]" classname="com.ashugupta.pjp.phraseConverter.PhraseConverterTest" time="0.001"/>
  <testcase name="shoudlConvertPhraseCorrectly[month after]" classname="com.ashugupta.pjp.phraseConverter.PhraseConverterTest" time="0.004"/>
  <testcase name="shoudlConvertPhraseCorrectly[month before]" classname="com.ashugupta.pjp.phraseConverter.PhraseConverterTest" time="0.001"/>
  <testcase name="shoudlConvertPhraseCorrectly[6 days from now]" classname="com.ashugupta.pjp.phraseConverter.PhraseConverterTest" time="0"/>
  <testcase name="shoudlConvertPhraseCorrectly[6 weeks from now]" classname="com.ashugupta.pjp.phraseConverter.PhraseConverterTest" time="0.017"/>
  <testcase name="shoudlConvertPhraseCorrectly[6 months from now]" classname="com.ashugupta.pjp.phraseConverter.PhraseConverterTest" time="0.001"/>
  <testcase name="shoudlConvertPhraseCorrectly[6 years from now]" classname="com.ashugupta.pjp.phraseConverter.PhraseConverterTest" time="0.002"/>
  <testcase name="shoudlConvertPhraseCorrectly[6 days earlier]" classname="com.ashugupta.pjp.phraseConverter.PhraseConverterTest" time="0.001"/>
  <testcase name="shoudlConvertPhraseCorrectly[6 weeks earlier]" classname="com.ashugupta.pjp.phraseConverter.PhraseConverterTest" time="0"/>
  <testcase name="shoudlConvertPhraseCorrectly[6 months earlier]" classname="com.ashugupta.pjp.phraseConverter.PhraseConverterTest" time="0.001"/>
  <testcase name="shoudlConvertPhraseCorrectly[6 years earlier]" classname="com.ashugupta.pjp.phraseConverter.PhraseConverterTest" time="0"/>
</testsuite>